16:13:19 **** Incremental Build of configuration Debug for project uart_TM ****
make all 
Building file: C:/Users/phiwersports/STM32Cube/Repository/STM32Cube_FW_L4_V1.11.0/Drivers/STM32L4xx_HAL_Driver/Src/stm32l4xx_hal.c
Invoking: MCU GCC Compiler
C:\Users\phiwersports\Desktop\Projects\Generated code\uart_TM\uart_TM\SW4STM32\uart_TM\Debug
arm-none-eabi-gcc -mcpu=cortex-m4 -mthumb -mfloat-abi=hard -mfpu=fpv4-sp-d16 '-D__weak=__attribute__((weak))' '-D__packed=__attribute__((__packed__))' -DUSE_HAL_DRIVER -DSTM32L476xx -I"C:/Users/phiwersports/Desktop/Projects/Generated code/uart_TM/uart_TM/Inc" -IC:/Users/phiwersports/STM32Cube/Repository/STM32Cube_FW_L4_V1.11.0/Drivers/STM32L4xx_HAL_Driver/Inc -IC:/Users/phiwersports/STM32Cube/Repository/STM32Cube_FW_L4_V1.11.0/Drivers/STM32L4xx_HAL_Driver/Inc/Legacy -IC:/Users/phiwersports/STM32Cube/Repository/STM32Cube_FW_L4_V1.11.0/Drivers/CMSIS/Device/ST/STM32L4xx/Include -IC:/Users/phiwersports/STM32Cube/Repository/STM32Cube_FW_L4_V1.11.0/Drivers/CMSIS/Include -I"C:/Users/phiwersports/Documents/exjobb/TM_STM32_lib/h_files"  -Og -g3 -Wall -fmessage-length=0 -ffunction-sections -c -fmessage-length=0 -MMD -MP -MF"Drivers/STM32L4xx_HAL_Driver/stm32l4xx_hal.d" -MT"Drivers/STM32L4xx_HAL_Driver/stm32l4xx_hal.o" -o "Drivers/STM32L4xx_HAL_Driver/stm32l4xx_hal.o" "C:/Users/phiwersports/STM32Cube/Repository/STM32Cube_FW_L4_V1.11.0/Drivers/STM32L4xx_HAL_Driver/Src/stm32l4xx_hal.c"
Finished building: C:/Users/phiwersports/STM32Cube/Repository/STM32Cube_FW_L4_V1.11.0/Drivers/STM32L4xx_HAL_Driver/Src/stm32l4xx_hal.c
 
Building file: C:/Users/phiwersports/STM32Cube/Repository/STM32Cube_FW_L4_V1.11.0/Drivers/STM32L4xx_HAL_Driver/Src/stm32l4xx_hal_cortex.c
Invoking: MCU GCC Compiler
C:\Users\phiwersports\Desktop\Projects\Generated code\uart_TM\uart_TM\SW4STM32\uart_TM\Debug
arm-none-eabi-gcc -mcpu=cortex-m4 -mthumb -mfloat-abi=hard -mfpu=fpv4-sp-d16 '-D__weak=__attribute__((weak))' '-D__packed=__attribute__((__packed__))' -DUSE_HAL_DRIVER -DSTM32L476xx -I"C:/Users/phiwersports/Desktop/Projects/Generated code/uart_TM/uart_TM/Inc" -IC:/Users/phiwersports/STM32Cube/Repository/STM32Cube_FW_L4_V1.11.0/Drivers/STM32L4xx_HAL_Driver/Inc -IC:/Users/phiwersports/STM32Cube/Repository/STM32Cube_FW_L4_V1.11.0/Drivers/STM32L4xx_HAL_Driver/Inc/Legacy -IC:/Users/phiwersports/STM32Cube/Repository/STM32Cube_FW_L4_V1.11.0/Drivers/CMSIS/Device/ST/STM32L4xx/Include -IC:/Users/phiwersports/STM32Cube/Repository/STM32Cube_FW_L4_V1.11.0/Drivers/CMSIS/Include -I"C:/Users/phiwersports/Documents/exjobb/TM_STM32_lib/h_files"  -Og -g3 -Wall -fmessage-length=0 -ffunction-sections -c -fmessage-length=0 -MMD -MP -MF"Drivers/STM32L4xx_HAL_Driver/stm32l4xx_hal_cortex.d" -MT"Drivers/STM32L4xx_HAL_Driver/stm32l4xx_hal_cortex.o" -o "Drivers/STM32L4xx_HAL_Driver/stm32l4xx_hal_cortex.o" "C:/Users/phiwersports/STM32Cube/Repository/STM32Cube_FW_L4_V1.11.0/Drivers/STM32L4xx_HAL_Driver/Src/stm32l4xx_hal_cortex.c"
Finished building: C:/Users/phiwersports/STM32Cube/Repository/STM32Cube_FW_L4_V1.11.0/Drivers/STM32L4xx_HAL_Driver/Src/stm32l4xx_hal_cortex.c
 
Building file: C:/Users/phiwersports/STM32Cube/Repository/STM32Cube_FW_L4_V1.11.0/Drivers/STM32L4xx_HAL_Driver/Src/stm32l4xx_hal_dma.c
Invoking: MCU GCC Compiler
C:\Users\phiwersports\Desktop\Projects\Generated code\uart_TM\uart_TM\SW4STM32\uart_TM\Debug
arm-none-eabi-gcc -mcpu=cortex-m4 -mthumb -mfloat-abi=hard -mfpu=fpv4-sp-d16 '-D__weak=__attribute__((weak))' '-D__packed=__attribute__((__packed__))' -DUSE_HAL_DRIVER -DSTM32L476xx -I"C:/Users/phiwersports/Desktop/Projects/Generated code/uart_TM/uart_TM/Inc" -IC:/Users/phiwersports/STM32Cube/Repository/STM32Cube_FW_L4_V1.11.0/Drivers/STM32L4xx_HAL_Driver/Inc -IC:/Users/phiwersports/STM32Cube/Repository/STM32Cube_FW_L4_V1.11.0/Drivers/STM32L4xx_HAL_Driver/Inc/Legacy -IC:/Users/phiwersports/STM32Cube/Repository/STM32Cube_FW_L4_V1.11.0/Drivers/CMSIS/Device/ST/STM32L4xx/Include -IC:/Users/phiwersports/STM32Cube/Repository/STM32Cube_FW_L4_V1.11.0/Drivers/CMSIS/Include -I"C:/Users/phiwersports/Documents/exjobb/TM_STM32_lib/h_files"  -Og -g3 -Wall -fmessage-length=0 -ffunction-sections -c -fmessage-length=0 -MMD -MP -MF"Drivers/STM32L4xx_HAL_Driver/stm32l4xx_hal_dma.d" -MT"Drivers/STM32L4xx_HAL_Driver/stm32l4xx_hal_dma.o" -o "Drivers/STM32L4xx_HAL_Driver/stm32l4xx_hal_dma.o" "C:/Users/phiwersports/STM32Cube/Repository/STM32Cube_FW_L4_V1.11.0/Drivers/STM32L4xx_HAL_Driver/Src/stm32l4xx_hal_dma.c"
Finished building: C:/Users/phiwersports/STM32Cube/Repository/STM32Cube_FW_L4_V1.11.0/Drivers/STM32L4xx_HAL_Driver/Src/stm32l4xx_hal_dma.c
 
Building file: C:/Users/phiwersports/STM32Cube/Repository/STM32Cube_FW_L4_V1.11.0/Drivers/STM32L4xx_HAL_Driver/Src/stm32l4xx_hal_dma_ex.c
Invoking: MCU GCC Compiler
C:\Users\phiwersports\Desktop\Projects\Generated code\uart_TM\uart_TM\SW4STM32\uart_TM\Debug
arm-none-eabi-gcc -mcpu=cortex-m4 -mthumb -mfloat-abi=hard -mfpu=fpv4-sp-d16 '-D__weak=__attribute__((weak))' '-D__packed=__attribute__((__packed__))' -DUSE_HAL_DRIVER -DSTM32L476xx -I"C:/Users/phiwersports/Desktop/Projects/Generated code/uart_TM/uart_TM/Inc" -IC:/Users/phiwersports/STM32Cube/Repository/STM32Cube_FW_L4_V1.11.0/Drivers/STM32L4xx_HAL_Driver/Inc -IC:/Users/phiwersports/STM32Cube/Repository/STM32Cube_FW_L4_V1.11.0/Drivers/STM32L4xx_HAL_Driver/Inc/Legacy -IC:/Users/phiwersports/STM32Cube/Repository/STM32Cube_FW_L4_V1.11.0/Drivers/CMSIS/Device/ST/STM32L4xx/Include -IC:/Users/phiwersports/STM32Cube/Repository/STM32Cube_FW_L4_V1.11.0/Drivers/CMSIS/Include -I"C:/Users/phiwersports/Documents/exjobb/TM_STM32_lib/h_files"  -Og -g3 -Wall -fmessage-length=0 -ffunction-sections -c -fmessage-length=0 -MMD -MP -MF"Drivers/STM32L4xx_HAL_Driver/stm32l4xx_hal_dma_ex.d" -MT"Drivers/STM32L4xx_HAL_Driver/stm32l4xx_hal_dma_ex.o" -o "Drivers/STM32L4xx_HAL_Driver/stm32l4xx_hal_dma_ex.o" "C:/Users/phiwersports/STM32Cube/Repository/STM32Cube_FW_L4_V1.11.0/Drivers/STM32L4xx_HAL_Driver/Src/stm32l4xx_hal_dma_ex.c"
Finished building: C:/Users/phiwersports/STM32Cube/Repository/STM32Cube_FW_L4_V1.11.0/Drivers/STM32L4xx_HAL_Driver/Src/stm32l4xx_hal_dma_ex.c
 
Building file: C:/Users/phiwersports/STM32Cube/Repository/STM32Cube_FW_L4_V1.11.0/Drivers/STM32L4xx_HAL_Driver/Src/stm32l4xx_hal_flash.c
Invoking: MCU GCC Compiler
C:\Users\phiwersports\Desktop\Projects\Generated code\uart_TM\uart_TM\SW4STM32\uart_TM\Debug
arm-none-eabi-gcc -mcpu=cortex-m4 -mthumb -mfloat-abi=hard -mfpu=fpv4-sp-d16 '-D__weak=__attribute__((weak))' '-D__packed=__attribute__((__packed__))' -DUSE_HAL_DRIVER -DSTM32L476xx -I"C:/Users/phiwersports/Desktop/Projects/Generated code/uart_TM/uart_TM/Inc" -IC:/Users/phiwersports/STM32Cube/Repository/STM32Cube_FW_L4_V1.11.0/Drivers/STM32L4xx_HAL_Driver/Inc -IC:/Users/phiwersports/STM32Cube/Repository/STM32Cube_FW_L4_V1.11.0/Drivers/STM32L4xx_HAL_Driver/Inc/Legacy -IC:/Users/phiwersports/STM32Cube/Repository/STM32Cube_FW_L4_V1.11.0/Drivers/CMSIS/Device/ST/STM32L4xx/Include -IC:/Users/phiwersports/STM32Cube/Repository/STM32Cube_FW_L4_V1.11.0/Drivers/CMSIS/Include -I"C:/Users/phiwersports/Documents/exjobb/TM_STM32_lib/h_files"  -Og -g3 -Wall -fmessage-length=0 -ffunction-sections -c -fmessage-length=0 -MMD -MP -MF"Drivers/STM32L4xx_HAL_Driver/stm32l4xx_hal_flash.d" -MT"Drivers/STM32L4xx_HAL_Driver/stm32l4xx_hal_flash.o" -o "Drivers/STM32L4xx_HAL_Driver/stm32l4xx_hal_flash.o" "C:/Users/phiwersports/STM32Cube/Repository/STM32Cube_FW_L4_V1.11.0/Drivers/STM32L4xx_HAL_Driver/Src/stm32l4xx_hal_flash.c"
Finished building: C:/Users/phiwersports/STM32Cube/Repository/STM32Cube_FW_L4_V1.11.0/Drivers/STM32L4xx_HAL_Driver/Src/stm32l4xx_hal_flash.c
 
Building file: C:/Users/phiwersports/STM32Cube/Repository/STM32Cube_FW_L4_V1.11.0/Drivers/STM32L4xx_HAL_Driver/Src/stm32l4xx_hal_flash_ex.c
Invoking: MCU GCC Compiler
C:\Users\phiwersports\Desktop\Projects\Generated code\uart_TM\uart_TM\SW4STM32\uart_TM\Debug
arm-none-eabi-gcc -mcpu=cortex-m4 -mthumb -mfloat-abi=hard -mfpu=fpv4-sp-d16 '-D__weak=__attribute__((weak))' '-D__packed=__attribute__((__packed__))' -DUSE_HAL_DRIVER -DSTM32L476xx -I"C:/Users/phiwersports/Desktop/Projects/Generated code/uart_TM/uart_TM/Inc" -IC:/Users/phiwersports/STM32Cube/Repository/STM32Cube_FW_L4_V1.11.0/Drivers/STM32L4xx_HAL_Driver/Inc -IC:/Users/phiwersports/STM32Cube/Repository/STM32Cube_FW_L4_V1.11.0/Drivers/STM32L4xx_HAL_Driver/Inc/Legacy -IC:/Users/phiwersports/STM32Cube/Repository/STM32Cube_FW_L4_V1.11.0/Drivers/CMSIS/Device/ST/STM32L4xx/Include -IC:/Users/phiwersports/STM32Cube/Repository/STM32Cube_FW_L4_V1.11.0/Drivers/CMSIS/Include -I"C:/Users/phiwersports/Documents/exjobb/TM_STM32_lib/h_files"  -Og -g3 -Wall -fmessage-length=0 -ffunction-sections -c -fmessage-length=0 -MMD -MP -MF"Drivers/STM32L4xx_HAL_Driver/stm32l4xx_hal_flash_ex.d" -MT"Drivers/STM32L4xx_HAL_Driver/stm32l4xx_hal_flash_ex.o" -o "Drivers/STM32L4xx_HAL_Driver/stm32l4xx_hal_flash_ex.o" "C:/Users/phiwersports/STM32Cube/Repository/STM32Cube_FW_L4_V1.11.0/Drivers/STM32L4xx_HAL_Driver/Src/stm32l4xx_hal_flash_ex.c"
Finished building: C:/Users/phiwersports/STM32Cube/Repository/STM32Cube_FW_L4_V1.11.0/Drivers/STM32L4xx_HAL_Driver/Src/stm32l4xx_hal_flash_ex.c
 
Building file: C:/Users/phiwersports/STM32Cube/Repository/STM32Cube_FW_L4_V1.11.0/Drivers/STM32L4xx_HAL_Driver/Src/stm32l4xx_hal_flash_ramfunc.c
Invoking: MCU GCC Compiler
C:\Users\phiwersports\Desktop\Projects\Generated code\uart_TM\uart_TM\SW4STM32\uart_TM\Debug
arm-none-eabi-gcc -mcpu=cortex-m4 -mthumb -mfloat-abi=hard -mfpu=fpv4-sp-d16 '-D__weak=__attribute__((weak))' '-D__packed=__attribute__((__packed__))' -DUSE_HAL_DRIVER -DSTM32L476xx -I"C:/Users/phiwersports/Desktop/Projects/Generated code/uart_TM/uart_TM/Inc" -IC:/Users/phiwersports/STM32Cube/Repository/STM32Cube_FW_L4_V1.11.0/Drivers/STM32L4xx_HAL_Driver/Inc -IC:/Users/phiwersports/STM32Cube/Repository/STM32Cube_FW_L4_V1.11.0/Drivers/STM32L4xx_HAL_Driver/Inc/Legacy -IC:/Users/phiwersports/STM32Cube/Repository/STM32Cube_FW_L4_V1.11.0/Drivers/CMSIS/Device/ST/STM32L4xx/Include -IC:/Users/phiwersports/STM32Cube/Repository/STM32Cube_FW_L4_V1.11.0/Drivers/CMSIS/Include -I"C:/Users/phiwersports/Documents/exjobb/TM_STM32_lib/h_files"  -Og -g3 -Wall -fmessage-length=0 -ffunction-sections -c -fmessage-length=0 -MMD -MP -MF"Drivers/STM32L4xx_HAL_Driver/stm32l4xx_hal_flash_ramfunc.d" -MT"Drivers/STM32L4xx_HAL_Driver/stm32l4xx_hal_flash_ramfunc.o" -o "Drivers/STM32L4xx_HAL_Driver/stm32l4xx_hal_flash_ramfunc.o" "C:/Users/phiwersports/STM32Cube/Repository/STM32Cube_FW_L4_V1.11.0/Drivers/STM32L4xx_HAL_Driver/Src/stm32l4xx_hal_flash_ramfunc.c"
Finished building: C:/Users/phiwersports/STM32Cube/Repository/STM32Cube_FW_L4_V1.11.0/Drivers/STM32L4xx_HAL_Driver/Src/stm32l4xx_hal_flash_ramfunc.c
 
Building file: C:/Users/phiwersports/STM32Cube/Repository/STM32Cube_FW_L4_V1.11.0/Drivers/STM32L4xx_HAL_Driver/Src/stm32l4xx_hal_gpio.c
Invoking: MCU GCC Compiler
C:\Users\phiwersports\Desktop\Projects\Generated code\uart_TM\uart_TM\SW4STM32\uart_TM\Debug
arm-none-eabi-gcc -mcpu=cortex-m4 -mthumb -mfloat-abi=hard -mfpu=fpv4-sp-d16 '-D__weak=__attribute__((weak))' '-D__packed=__attribute__((__packed__))' -DUSE_HAL_DRIVER -DSTM32L476xx -I"C:/Users/phiwersports/Desktop/Projects/Generated code/uart_TM/uart_TM/Inc" -IC:/Users/phiwersports/STM32Cube/Repository/STM32Cube_FW_L4_V1.11.0/Drivers/STM32L4xx_HAL_Driver/Inc -IC:/Users/phiwersports/STM32Cube/Repository/STM32Cube_FW_L4_V1.11.0/Drivers/STM32L4xx_HAL_Driver/Inc/Legacy -IC:/Users/phiwersports/STM32Cube/Repository/STM32Cube_FW_L4_V1.11.0/Drivers/CMSIS/Device/ST/STM32L4xx/Include -IC:/Users/phiwersports/STM32Cube/Repository/STM32Cube_FW_L4_V1.11.0/Drivers/CMSIS/Include -I"C:/Users/phiwersports/Documents/exjobb/TM_STM32_lib/h_files"  -Og -g3 -Wall -fmessage-length=0 -ffunction-sections -c -fmessage-length=0 -MMD -MP -MF"Drivers/STM32L4xx_HAL_Driver/stm32l4xx_hal_gpio.d" -MT"Drivers/STM32L4xx_HAL_Driver/stm32l4xx_hal_gpio.o" -o "Drivers/STM32L4xx_HAL_Driver/stm32l4xx_hal_gpio.o" "C:/Users/phiwersports/STM32Cube/Repository/STM32Cube_FW_L4_V1.11.0/Drivers/STM32L4xx_HAL_Driver/Src/stm32l4xx_hal_gpio.c"
Finished building: C:/Users/phiwersports/STM32Cube/Repository/STM32Cube_FW_L4_V1.11.0/Drivers/STM32L4xx_HAL_Driver/Src/stm32l4xx_hal_gpio.c
 
Building file: C:/Users/phiwersports/STM32Cube/Repository/STM32Cube_FW_L4_V1.11.0/Drivers/STM32L4xx_HAL_Driver/Src/stm32l4xx_hal_i2c.c
Invoking: MCU GCC Compiler
C:\Users\phiwersports\Desktop\Projects\Generated code\uart_TM\uart_TM\SW4STM32\uart_TM\Debug
arm-none-eabi-gcc -mcpu=cortex-m4 -mthumb -mfloat-abi=hard -mfpu=fpv4-sp-d16 '-D__weak=__attribute__((weak))' '-D__packed=__attribute__((__packed__))' -DUSE_HAL_DRIVER -DSTM32L476xx -I"C:/Users/phiwersports/Desktop/Projects/Generated code/uart_TM/uart_TM/Inc" -IC:/Users/phiwersports/STM32Cube/Repository/STM32Cube_FW_L4_V1.11.0/Drivers/STM32L4xx_HAL_Driver/Inc -IC:/Users/phiwersports/STM32Cube/Repository/STM32Cube_FW_L4_V1.11.0/Drivers/STM32L4xx_HAL_Driver/Inc/Legacy -IC:/Users/phiwersports/STM32Cube/Repository/STM32Cube_FW_L4_V1.11.0/Drivers/CMSIS/Device/ST/STM32L4xx/Include -IC:/Users/phiwersports/STM32Cube/Repository/STM32Cube_FW_L4_V1.11.0/Drivers/CMSIS/Include -I"C:/Users/phiwersports/Documents/exjobb/TM_STM32_lib/h_files"  -Og -g3 -Wall -fmessage-length=0 -ffunction-sections -c -fmessage-length=0 -MMD -MP -MF"Drivers/STM32L4xx_HAL_Driver/stm32l4xx_hal_i2c.d" -MT"Drivers/STM32L4xx_HAL_Driver/stm32l4xx_hal_i2c.o" -o "Drivers/STM32L4xx_HAL_Driver/stm32l4xx_hal_i2c.o" "C:/Users/phiwersports/STM32Cube/Repository/STM32Cube_FW_L4_V1.11.0/Drivers/STM32L4xx_HAL_Driver/Src/stm32l4xx_hal_i2c.c"
Finished building: C:/Users/phiwersports/STM32Cube/Repository/STM32Cube_FW_L4_V1.11.0/Drivers/STM32L4xx_HAL_Driver/Src/stm32l4xx_hal_i2c.c
 
Building file: C:/Users/phiwersports/STM32Cube/Repository/STM32Cube_FW_L4_V1.11.0/Drivers/STM32L4xx_HAL_Driver/Src/stm32l4xx_hal_i2c_ex.c
Invoking: MCU GCC Compiler
C:\Users\phiwersports\Desktop\Projects\Generated code\uart_TM\uart_TM\SW4STM32\uart_TM\Debug
arm-none-eabi-gcc -mcpu=cortex-m4 -mthumb -mfloat-abi=hard -mfpu=fpv4-sp-d16 '-D__weak=__attribute__((weak))' '-D__packed=__attribute__((__packed__))' -DUSE_HAL_DRIVER -DSTM32L476xx -I"C:/Users/phiwersports/Desktop/Projects/Generated code/uart_TM/uart_TM/Inc" -IC:/Users/phiwersports/STM32Cube/Repository/STM32Cube_FW_L4_V1.11.0/Drivers/STM32L4xx_HAL_Driver/Inc -IC:/Users/phiwersports/STM32Cube/Repository/STM32Cube_FW_L4_V1.11.0/Drivers/STM32L4xx_HAL_Driver/Inc/Legacy -IC:/Users/phiwersports/STM32Cube/Repository/STM32Cube_FW_L4_V1.11.0/Drivers/CMSIS/Device/ST/STM32L4xx/Include -IC:/Users/phiwersports/STM32Cube/Repository/STM32Cube_FW_L4_V1.11.0/Drivers/CMSIS/Include -I"C:/Users/phiwersports/Documents/exjobb/TM_STM32_lib/h_files"  -Og -g3 -Wall -fmessage-length=0 -ffunction-sections -c -fmessage-length=0 -MMD -MP -MF"Drivers/STM32L4xx_HAL_Driver/stm32l4xx_hal_i2c_ex.d" -MT"Drivers/STM32L4xx_HAL_Driver/stm32l4xx_hal_i2c_ex.o" -o "Drivers/STM32L4xx_HAL_Driver/stm32l4xx_hal_i2c_ex.o" "C:/Users/phiwersports/STM32Cube/Repository/STM32Cube_FW_L4_V1.11.0/Drivers/STM32L4xx_HAL_Driver/Src/stm32l4xx_hal_i2c_ex.c"
Finished building: C:/Users/phiwersports/STM32Cube/Repository/STM32Cube_FW_L4_V1.11.0/Drivers/STM32L4xx_HAL_Driver/Src/stm32l4xx_hal_i2c_ex.c
 
Building file: C:/Users/phiwersports/STM32Cube/Repository/STM32Cube_FW_L4_V1.11.0/Drivers/STM32L4xx_HAL_Driver/Src/stm32l4xx_hal_pwr.c
Invoking: MCU GCC Compiler
C:\Users\phiwersports\Desktop\Projects\Generated code\uart_TM\uart_TM\SW4STM32\uart_TM\Debug
arm-none-eabi-gcc -mcpu=cortex-m4 -mthumb -mfloat-abi=hard -mfpu=fpv4-sp-d16 '-D__weak=__attribute__((weak))' '-D__packed=__attribute__((__packed__))' -DUSE_HAL_DRIVER -DSTM32L476xx -I"C:/Users/phiwersports/Desktop/Projects/Generated code/uart_TM/uart_TM/Inc" -IC:/Users/phiwersports/STM32Cube/Repository/STM32Cube_FW_L4_V1.11.0/Drivers/STM32L4xx_HAL_Driver/Inc -IC:/Users/phiwersports/STM32Cube/Repository/STM32Cube_FW_L4_V1.11.0/Drivers/STM32L4xx_HAL_Driver/Inc/Legacy -IC:/Users/phiwersports/STM32Cube/Repository/STM32Cube_FW_L4_V1.11.0/Drivers/CMSIS/Device/ST/STM32L4xx/Include -IC:/Users/phiwersports/STM32Cube/Repository/STM32Cube_FW_L4_V1.11.0/Drivers/CMSIS/Include -I"C:/Users/phiwersports/Documents/exjobb/TM_STM32_lib/h_files"  -Og -g3 -Wall -fmessage-length=0 -ffunction-sections -c -fmessage-length=0 -MMD -MP -MF"Drivers/STM32L4xx_HAL_Driver/stm32l4xx_hal_pwr.d" -MT"Drivers/STM32L4xx_HAL_Driver/stm32l4xx_hal_pwr.o" -o "Drivers/STM32L4xx_HAL_Driver/stm32l4xx_hal_pwr.o" "C:/Users/phiwersports/STM32Cube/Repository/STM32Cube_FW_L4_V1.11.0/Drivers/STM32L4xx_HAL_Driver/Src/stm32l4xx_hal_pwr.c"
Finished building: C:/Users/phiwersports/STM32Cube/Repository/STM32Cube_FW_L4_V1.11.0/Drivers/STM32L4xx_HAL_Driver/Src/stm32l4xx_hal_pwr.c
 
Building file: C:/Users/phiwersports/STM32Cube/Repository/STM32Cube_FW_L4_V1.11.0/Drivers/STM32L4xx_HAL_Driver/Src/stm32l4xx_hal_pwr_ex.c
Invoking: MCU GCC Compiler
C:\Users\phiwersports\Desktop\Projects\Generated code\uart_TM\uart_TM\SW4STM32\uart_TM\Debug
arm-none-eabi-gcc -mcpu=cortex-m4 -mthumb -mfloat-abi=hard -mfpu=fpv4-sp-d16 '-D__weak=__attribute__((weak))' '-D__packed=__attribute__((__packed__))' -DUSE_HAL_DRIVER -DSTM32L476xx -I"C:/Users/phiwersports/Desktop/Projects/Generated code/uart_TM/uart_TM/Inc" -IC:/Users/phiwersports/STM32Cube/Repository/STM32Cube_FW_L4_V1.11.0/Drivers/STM32L4xx_HAL_Driver/Inc -IC:/Users/phiwersports/STM32Cube/Repository/STM32Cube_FW_L4_V1.11.0/Drivers/STM32L4xx_HAL_Driver/Inc/Legacy -IC:/Users/phiwersports/STM32Cube/Repository/STM32Cube_FW_L4_V1.11.0/Drivers/CMSIS/Device/ST/STM32L4xx/Include -IC:/Users/phiwersports/STM32Cube/Repository/STM32Cube_FW_L4_V1.11.0/Drivers/CMSIS/Include -I"C:/Users/phiwersports/Documents/exjobb/TM_STM32_lib/h_files"  -Og -g3 -Wall -fmessage-length=0 -ffunction-sections -c -fmessage-length=0 -MMD -MP -MF"Drivers/STM32L4xx_HAL_Driver/stm32l4xx_hal_pwr_ex.d" -MT"Drivers/STM32L4xx_HAL_Driver/stm32l4xx_hal_pwr_ex.o" -o "Drivers/STM32L4xx_HAL_Driver/stm32l4xx_hal_pwr_ex.o" "C:/Users/phiwersports/STM32Cube/Repository/STM32Cube_FW_L4_V1.11.0/Drivers/STM32L4xx_HAL_Driver/Src/stm32l4xx_hal_pwr_ex.c"
Finished building: C:/Users/phiwersports/STM32Cube/Repository/STM32Cube_FW_L4_V1.11.0/Drivers/STM32L4xx_HAL_Driver/Src/stm32l4xx_hal_pwr_ex.c
 
Building file: C:/Users/phiwersports/STM32Cube/Repository/STM32Cube_FW_L4_V1.11.0/Drivers/STM32L4xx_HAL_Driver/Src/stm32l4xx_hal_rcc.c
Invoking: MCU GCC Compiler
C:\Users\phiwersports\Desktop\Projects\Generated code\uart_TM\uart_TM\SW4STM32\uart_TM\Debug
arm-none-eabi-gcc -mcpu=cortex-m4 -mthumb -mfloat-abi=hard -mfpu=fpv4-sp-d16 '-D__weak=__attribute__((weak))' '-D__packed=__attribute__((__packed__))' -DUSE_HAL_DRIVER -DSTM32L476xx -I"C:/Users/phiwersports/Desktop/Projects/Generated code/uart_TM/uart_TM/Inc" -IC:/Users/phiwersports/STM32Cube/Repository/STM32Cube_FW_L4_V1.11.0/Drivers/STM32L4xx_HAL_Driver/Inc -IC:/Users/phiwersports/STM32Cube/Repository/STM32Cube_FW_L4_V1.11.0/Drivers/STM32L4xx_HAL_Driver/Inc/Legacy -IC:/Users/phiwersports/STM32Cube/Repository/STM32Cube_FW_L4_V1.11.0/Drivers/CMSIS/Device/ST/STM32L4xx/Include -IC:/Users/phiwersports/STM32Cube/Repository/STM32Cube_FW_L4_V1.11.0/Drivers/CMSIS/Include -I"C:/Users/phiwersports/Documents/exjobb/TM_STM32_lib/h_files"  -Og -g3 -Wall -fmessage-length=0 -ffunction-sections -c -fmessage-length=0 -MMD -MP -MF"Drivers/STM32L4xx_HAL_Driver/stm32l4xx_hal_rcc.d" -MT"Drivers/STM32L4xx_HAL_Driver/stm32l4xx_hal_rcc.o" -o "Drivers/STM32L4xx_HAL_Driver/stm32l4xx_hal_rcc.o" "C:/Users/phiwersports/STM32Cube/Repository/STM32Cube_FW_L4_V1.11.0/Drivers/STM32L4xx_HAL_Driver/Src/stm32l4xx_hal_rcc.c"
Finished building: C:/Users/phiwersports/STM32Cube/Repository/STM32Cube_FW_L4_V1.11.0/Drivers/STM32L4xx_HAL_Driver/Src/stm32l4xx_hal_rcc.c
 
Building file: C:/Users/phiwersports/STM32Cube/Repository/STM32Cube_FW_L4_V1.11.0/Drivers/STM32L4xx_HAL_Driver/Src/stm32l4xx_hal_rcc_ex.c
Invoking: MCU GCC Compiler
C:\Users\phiwersports\Desktop\Projects\Generated code\uart_TM\uart_TM\SW4STM32\uart_TM\Debug
arm-none-eabi-gcc -mcpu=cortex-m4 -mthumb -mfloat-abi=hard -mfpu=fpv4-sp-d16 '-D__weak=__attribute__((weak))' '-D__packed=__attribute__((__packed__))' -DUSE_HAL_DRIVER -DSTM32L476xx -I"C:/Users/phiwersports/Desktop/Projects/Generated code/uart_TM/uart_TM/Inc" -IC:/Users/phiwersports/STM32Cube/Repository/STM32Cube_FW_L4_V1.11.0/Drivers/STM32L4xx_HAL_Driver/Inc -IC:/Users/phiwersports/STM32Cube/Repository/STM32Cube_FW_L4_V1.11.0/Drivers/STM32L4xx_HAL_Driver/Inc/Legacy -IC:/Users/phiwersports/STM32Cube/Repository/STM32Cube_FW_L4_V1.11.0/Drivers/CMSIS/Device/ST/STM32L4xx/Include -IC:/Users/phiwersports/STM32Cube/Repository/STM32Cube_FW_L4_V1.11.0/Drivers/CMSIS/Include -I"C:/Users/phiwersports/Documents/exjobb/TM_STM32_lib/h_files"  -Og -g3 -Wall -fmessage-length=0 -ffunction-sections -c -fmessage-length=0 -MMD -MP -MF"Drivers/STM32L4xx_HAL_Driver/stm32l4xx_hal_rcc_ex.d" -MT"Drivers/STM32L4xx_HAL_Driver/stm32l4xx_hal_rcc_ex.o" -o "Drivers/STM32L4xx_HAL_Driver/stm32l4xx_hal_rcc_ex.o" "C:/Users/phiwersports/STM32Cube/Repository/STM32Cube_FW_L4_V1.11.0/Drivers/STM32L4xx_HAL_Driver/Src/stm32l4xx_hal_rcc_ex.c"
Finished building: C:/Users/phiwersports/STM32Cube/Repository/STM32Cube_FW_L4_V1.11.0/Drivers/STM32L4xx_HAL_Driver/Src/stm32l4xx_hal_rcc_ex.c
 
Building file: C:/Users/phiwersports/STM32Cube/Repository/STM32Cube_FW_L4_V1.11.0/Drivers/STM32L4xx_HAL_Driver/Src/stm32l4xx_hal_tim.c
Invoking: MCU GCC Compiler
C:\Users\phiwersports\Desktop\Projects\Generated code\uart_TM\uart_TM\SW4STM32\uart_TM\Debug
arm-none-eabi-gcc -mcpu=cortex-m4 -mthumb -mfloat-abi=hard -mfpu=fpv4-sp-d16 '-D__weak=__attribute__((weak))' '-D__packed=__attribute__((__packed__))' -DUSE_HAL_DRIVER -DSTM32L476xx -I"C:/Users/phiwersports/Desktop/Projects/Generated code/uart_TM/uart_TM/Inc" -IC:/Users/phiwersports/STM32Cube/Repository/STM32Cube_FW_L4_V1.11.0/Drivers/STM32L4xx_HAL_Driver/Inc -IC:/Users/phiwersports/STM32Cube/Repository/STM32Cube_FW_L4_V1.11.0/Drivers/STM32L4xx_HAL_Driver/Inc/Legacy -IC:/Users/phiwersports/STM32Cube/Repository/STM32Cube_FW_L4_V1.11.0/Drivers/CMSIS/Device/ST/STM32L4xx/Include -IC:/Users/phiwersports/STM32Cube/Repository/STM32Cube_FW_L4_V1.11.0/Drivers/CMSIS/Include -I"C:/Users/phiwersports/Documents/exjobb/TM_STM32_lib/h_files"  -Og -g3 -Wall -fmessage-length=0 -ffunction-sections -c -fmessage-length=0 -MMD -MP -MF"Drivers/STM32L4xx_HAL_Driver/stm32l4xx_hal_tim.d" -MT"Drivers/STM32L4xx_HAL_Driver/stm32l4xx_hal_tim.o" -o "Drivers/STM32L4xx_HAL_Driver/stm32l4xx_hal_tim.o" "C:/Users/phiwersports/STM32Cube/Repository/STM32Cube_FW_L4_V1.11.0/Drivers/STM32L4xx_HAL_Driver/Src/stm32l4xx_hal_tim.c"
Finished building: C:/Users/phiwersports/STM32Cube/Repository/STM32Cube_FW_L4_V1.11.0/Drivers/STM32L4xx_HAL_Driver/Src/stm32l4xx_hal_tim.c
 
Building file: C:/Users/phiwersports/STM32Cube/Repository/STM32Cube_FW_L4_V1.11.0/Drivers/STM32L4xx_HAL_Driver/Src/stm32l4xx_hal_tim_ex.c
Invoking: MCU GCC Compiler
C:\Users\phiwersports\Desktop\Projects\Generated code\uart_TM\uart_TM\SW4STM32\uart_TM\Debug
arm-none-eabi-gcc -mcpu=cortex-m4 -mthumb -mfloat-abi=hard -mfpu=fpv4-sp-d16 '-D__weak=__attribute__((weak))' '-D__packed=__attribute__((__packed__))' -DUSE_HAL_DRIVER -DSTM32L476xx -I"C:/Users/phiwersports/Desktop/Projects/Generated code/uart_TM/uart_TM/Inc" -IC:/Users/phiwersports/STM32Cube/Repository/STM32Cube_FW_L4_V1.11.0/Drivers/STM32L4xx_HAL_Driver/Inc -IC:/Users/phiwersports/STM32Cube/Repository/STM32Cube_FW_L4_V1.11.0/Drivers/STM32L4xx_HAL_Driver/Inc/Legacy -IC:/Users/phiwersports/STM32Cube/Repository/STM32Cube_FW_L4_V1.11.0/Drivers/CMSIS/Device/ST/STM32L4xx/Include -IC:/Users/phiwersports/STM32Cube/Repository/STM32Cube_FW_L4_V1.11.0/Drivers/CMSIS/Include -I"C:/Users/phiwersports/Documents/exjobb/TM_STM32_lib/h_files"  -Og -g3 -Wall -fmessage-length=0 -ffunction-sections -c -fmessage-length=0 -MMD -MP -MF"Drivers/STM32L4xx_HAL_Driver/stm32l4xx_hal_tim_ex.d" -MT"Drivers/STM32L4xx_HAL_Driver/stm32l4xx_hal_tim_ex.o" -o "Drivers/STM32L4xx_HAL_Driver/stm32l4xx_hal_tim_ex.o" "C:/Users/phiwersports/STM32Cube/Repository/STM32Cube_FW_L4_V1.11.0/Drivers/STM32L4xx_HAL_Driver/Src/stm32l4xx_hal_tim_ex.c"
Finished building: C:/Users/phiwersports/STM32Cube/Repository/STM32Cube_FW_L4_V1.11.0/Drivers/STM32L4xx_HAL_Driver/Src/stm32l4xx_hal_tim_ex.c
 
Building file: C:/Users/phiwersports/STM32Cube/Repository/STM32Cube_FW_L4_V1.11.0/Drivers/STM32L4xx_HAL_Driver/Src/stm32l4xx_hal_uart.c
Invoking: MCU GCC Compiler
C:\Users\phiwersports\Desktop\Projects\Generated code\uart_TM\uart_TM\SW4STM32\uart_TM\Debug
arm-none-eabi-gcc -mcpu=cortex-m4 -mthumb -mfloat-abi=hard -mfpu=fpv4-sp-d16 '-D__weak=__attribute__((weak))' '-D__packed=__attribute__((__packed__))' -DUSE_HAL_DRIVER -DSTM32L476xx -I"C:/Users/phiwersports/Desktop/Projects/Generated code/uart_TM/uart_TM/Inc" -IC:/Users/phiwersports/STM32Cube/Repository/STM32Cube_FW_L4_V1.11.0/Drivers/STM32L4xx_HAL_Driver/Inc -IC:/Users/phiwersports/STM32Cube/Repository/STM32Cube_FW_L4_V1.11.0/Drivers/STM32L4xx_HAL_Driver/Inc/Legacy -IC:/Users/phiwersports/STM32Cube/Repository/STM32Cube_FW_L4_V1.11.0/Drivers/CMSIS/Device/ST/STM32L4xx/Include -IC:/Users/phiwersports/STM32Cube/Repository/STM32Cube_FW_L4_V1.11.0/Drivers/CMSIS/Include -I"C:/Users/phiwersports/Documents/exjobb/TM_STM32_lib/h_files"  -Og -g3 -Wall -fmessage-length=0 -ffunction-sections -c -fmessage-length=0 -MMD -MP -MF"Drivers/STM32L4xx_HAL_Driver/stm32l4xx_hal_uart.d" -MT"Drivers/STM32L4xx_HAL_Driver/stm32l4xx_hal_uart.o" -o "Drivers/STM32L4xx_HAL_Driver/stm32l4xx_hal_uart.o" "C:/Users/phiwersports/STM32Cube/Repository/STM32Cube_FW_L4_V1.11.0/Drivers/STM32L4xx_HAL_Driver/Src/stm32l4xx_hal_uart.c"
Finished building: C:/Users/phiwersports/STM32Cube/Repository/STM32Cube_FW_L4_V1.11.0/Drivers/STM32L4xx_HAL_Driver/Src/stm32l4xx_hal_uart.c
 
Building file: C:/Users/phiwersports/STM32Cube/Repository/STM32Cube_FW_L4_V1.11.0/Drivers/STM32L4xx_HAL_Driver/Src/stm32l4xx_hal_uart_ex.c
Invoking: MCU GCC Compiler
C:\Users\phiwersports\Desktop\Projects\Generated code\uart_TM\uart_TM\SW4STM32\uart_TM\Debug
arm-none-eabi-gcc -mcpu=cortex-m4 -mthumb -mfloat-abi=hard -mfpu=fpv4-sp-d16 '-D__weak=__attribute__((weak))' '-D__packed=__attribute__((__packed__))' -DUSE_HAL_DRIVER -DSTM32L476xx -I"C:/Users/phiwersports/Desktop/Projects/Generated code/uart_TM/uart_TM/Inc" -IC:/Users/phiwersports/STM32Cube/Repository/STM32Cube_FW_L4_V1.11.0/Drivers/STM32L4xx_HAL_Driver/Inc -IC:/Users/phiwersports/STM32Cube/Repository/STM32Cube_FW_L4_V1.11.0/Drivers/STM32L4xx_HAL_Driver/Inc/Legacy -IC:/Users/phiwersports/STM32Cube/Repository/STM32Cube_FW_L4_V1.11.0/Drivers/CMSIS/Device/ST/STM32L4xx/Include -IC:/Users/phiwersports/STM32Cube/Repository/STM32Cube_FW_L4_V1.11.0/Drivers/CMSIS/Include -I"C:/Users/phiwersports/Documents/exjobb/TM_STM32_lib/h_files"  -Og -g3 -Wall -fmessage-length=0 -ffunction-sections -c -fmessage-length=0 -MMD -MP -MF"Drivers/STM32L4xx_HAL_Driver/stm32l4xx_hal_uart_ex.d" -MT"Drivers/STM32L4xx_HAL_Driver/stm32l4xx_hal_uart_ex.o" -o "Drivers/STM32L4xx_HAL_Driver/stm32l4xx_hal_uart_ex.o" "C:/Users/phiwersports/STM32Cube/Repository/STM32Cube_FW_L4_V1.11.0/Drivers/STM32L4xx_HAL_Driver/Src/stm32l4xx_hal_uart_ex.c"
Finished building: C:/Users/phiwersports/STM32Cube/Repository/STM32Cube_FW_L4_V1.11.0/Drivers/STM32L4xx_HAL_Driver/Src/stm32l4xx_hal_uart_ex.c
 
Building file: C:/Users/phiwersports/Desktop/Projects/Generated code/uart_TM/uart_TM/Src/system_stm32l4xx.c
Invoking: MCU GCC Compiler
C:\Users\phiwersports\Desktop\Projects\Generated code\uart_TM\uart_TM\SW4STM32\uart_TM\Debug
arm-none-eabi-gcc -mcpu=cortex-m4 -mthumb -mfloat-abi=hard -mfpu=fpv4-sp-d16 '-D__weak=__attribute__((weak))' '-D__packed=__attribute__((__packed__))' -DUSE_HAL_DRIVER -DSTM32L476xx -I"C:/Users/phiwersports/Desktop/Projects/Generated code/uart_TM/uart_TM/Inc" -IC:/Users/phiwersports/STM32Cube/Repository/STM32Cube_FW_L4_V1.11.0/Drivers/STM32L4xx_HAL_Driver/Inc -IC:/Users/phiwersports/STM32Cube/Repository/STM32Cube_FW_L4_V1.11.0/Drivers/STM32L4xx_HAL_Driver/Inc/Legacy -IC:/Users/phiwersports/STM32Cube/Repository/STM32Cube_FW_L4_V1.11.0/Drivers/CMSIS/Device/ST/STM32L4xx/Include -IC:/Users/phiwersports/STM32Cube/Repository/STM32Cube_FW_L4_V1.11.0/Drivers/CMSIS/Include -I"C:/Users/phiwersports/Documents/exjobb/TM_STM32_lib/h_files"  -Og -g3 -Wall -fmessage-length=0 -ffunction-sections -c -fmessage-length=0 -MMD -MP -MF"Drivers/CMSIS/system_stm32l4xx.d" -MT"Drivers/CMSIS/system_stm32l4xx.o" -o "Drivers/CMSIS/system_stm32l4xx.o" "C:/Users/phiwersports/Desktop/Projects/Generated code/uart_TM/uart_TM/Src/system_stm32l4xx.c"
Finished building: C:/Users/phiwersports/Desktop/Projects/Generated code/uart_TM/uart_TM/Src/system_stm32l4xx.c
 
make: *** No rule to make target 'C:/Users/phiwersports/Documents/exjobb/TM_STM32_lib/tm_stm32_buffer.c', needed by 'Application/User/TM/tm_stm32_buffer.o'.  Stop.

16:13:29 Build Finished (took 9s.825ms)

