Change Component Designator: OldDesignator=* NewDesignator=ConnectorWtoB
Added Pin To Net: NetName=NetC13_1 Pin=Connector1-2
Added Pin To Net: NetName=NetC13_1 Pin=Connector1-2
Added Pin To Net: NetName=GND Pin=LCD-5
Added Pin To Net: NetName=NetLCD_6 Pin=LCD-6
Added Pin To Net: NetName=NetLCD_6 Pin=LCD-7
Added Pin To Net: NetName=GND Pin=LCD-11
Added Pin To Net: NetName=GND Pin=LCD-12
Added Pin To Net: NetName=GND Pin=LCD-13
Added Pin To Net: NetName=GND Pin=LCD-14
Added Pin To Net: NetName=GND Pin=LCD-16
Added Pin To Net: NetName=MISO LCD Pin=LCD-17
Added Pin To Net: NetName=GND Pin=LCD-18
Added Pin To Net: NetName=GND Pin=LCD-19
Added Pin To Net: NetName=GND Pin=LCD-20
Added Pin To Net: NetName=GND Pin=LCD-21
Added Pin To Net: NetName=GND Pin=LCD-22
Added Pin To Net: NetName=GND Pin=LCD-23
Added Pin To Net: NetName=GND Pin=LCD-24
Added Pin To Net: NetName=GND Pin=LCD-25
Added Pin To Net: NetName=GND Pin=LCD-26
Added Pin To Net: NetName=GND Pin=LCD-27
Added Pin To Net: NetName=GND Pin=LCD-28
Added Pin To Net: NetName=GND Pin=LCD-29
Added Pin To Net: NetName=GND Pin=LCD-30
Added Pin To Net: NetName=GND Pin=LCD-31
Added Pin To Net: NetName=GND Pin=LCD-32
Added Pin To Net: NetName=GND Pin=LCD-33
Added Pin To Net: NetName=GND Pin=LCD-34
Added Pin To Net: NetName=VCC Pin=LCD-35
Added Pin To Net: NetName=NetLCD_36 Pin=LCD-36
Added Pin To Net: NetName=GND Pin=LCD-37
Added Pin To Net: NetName=GND Pin=LCD-38
Added Pin To Net: NetName=GND Pin=LCD-39
Added Pin To Net: NetName=GND Pin=LCD-40
Added Pin To Net: NetName=MISO LCD Pin=U1-22
Change Net Name : Old Net Name=Net2_1 New Net Name=Net*24_1
Change Net Name : Old Net Name=Net2_3 New Net Name=Net*15_1
Change Net Name : Old Net Name=Net2_4 New Net Name=Net*13_1
Change Net Name : Old Net Name=Net2_8 New Net Name=Net*11_1
Change Net Name : Old Net Name=Net2_10 New Net Name=Net*26_1
Change Net Name : Old Net Name=Net*_2 New Net Name=NetConnectorWtoB_2
Change Net Name : Old Net Name=Net*_3 New Net Name=Net*8_1
Change Net Name : Old Net Name=Net*_5 New Net Name=NetC10_2
Change Net Name : Old Net Name=NetC8_1 New Net Name=Net*23_1
Change Net Name : Old Net Name=NetC13_2 New Net Name=Net*25_1
Change Net Name : Old Net Name=NetR7_1 New Net Name=Net*22_1
Added Pin To Net: NetName=CS LCD Pin=LCD-9
Added Pin To Net: NetName=CS LCD Pin=U1-20
Added Net: Name=CS LCD
Added Pin To Net: NetName=MOSI LCD Pin=R23-1
Added Pin To Net: NetName=MOSI LCD Pin=U1-23
Added Net: Name=MOSI LCD
Added Pin To Net: NetName=Net*1_1 Pin=P2-1
Added Pin To Net: NetName=Net*1_1 Pin=R3-1
Added Net: Name=Net*1_1
Added Pin To Net: NetName=Net*3_1 Pin=P2-2
Added Pin To Net: NetName=Net*3_1 Pin=R4-1
Added Net: Name=Net*3_1
Added Pin To Net: NetName=Net*4_1 Pin=U1-16
Added Pin To Net: NetName=Net*4_1 Pin=ZB1-4
Added Net: Name=Net*4_1
Added Pin To Net: NetName=Net*5_1 Pin=P1-1
Added Pin To Net: NetName=Net*5_1 Pin=U1-14
Added Net: Name=Net*5_1
Added Pin To Net: NetName=Net*6_1 Pin=P1-2
Added Pin To Net: NetName=Net*6_1 Pin=U1-15
Added Net: Name=Net*6_1
Added Pin To Net: NetName=Net*7_1 Pin=1-3
Added Pin To Net: NetName=Net*7_1 Pin=U1-8
Added Net: Name=Net*7_1
Added Pin To Net: NetName=Net*9_1 Pin=Q2-2
Added Pin To Net: NetName=Net*9_1 Pin=U1-10
Added Net: Name=Net*9_1
Added Pin To Net: NetName=Net*17_1 Pin=P2-4
Added Pin To Net: NetName=Net*17_1 Pin=R6-1
Added Net: Name=Net*17_1
Added Pin To Net: NetName=Net*18_1 Pin=P2-3
Added Pin To Net: NetName=Net*18_1 Pin=R5-1
Added Net: Name=Net*18_1
Added Pin To Net: NetName=Net*21_1 Pin=Q3-1
Added Pin To Net: NetName=Net*21_1 Pin=R21-1
Added Net: Name=Net*21_1
Added Pin To Net: NetName=Net*27_1 Pin=C22-1
Added Pin To Net: NetName=Net*27_1 Pin=Connector1-1
Added Pin To Net: NetName=Net*27_1 Pin=WPIC1-19
Added Net: Name=Net*27_1
Added Pin To Net: NetName=Net*28_1 Pin=C17-2
Added Pin To Net: NetName=Net*28_1 Pin=R16-2
Added Net: Name=Net*28_1
Added Pin To Net: NetName=Net*_1 Pin=U1-17
Added Pin To Net: NetName=Net*_1 Pin=ZB1-3
Added Net: Name=Net*_1
Added Pin To Net: NetName=RESET LCD Pin=LCD-15
Added Pin To Net: NetName=RESET LCD Pin=U1-41
Added Net: Name=RESET LCD
Added Pin To Net: NetName=SCK LCD Pin=LCD-10
Added Pin To Net: NetName=SCK LCD Pin=U1-21
Added Net: Name=SCK LCD
Added Pin To Net: NetName=T_JTCK Pin=R3-2
Added Pin To Net: NetName=T_JTCK Pin=U1-49
Added Net: Name=T_JTCK
Added Pin To Net: NetName=T_JTMS Pin=R4-2
Added Pin To Net: NetName=T_JTMS Pin=U1-46
Added Net: Name=T_JTMS
Added Pin To Net: NetName=T_NRST Pin=R5-2
Added Pin To Net: NetName=T_NRST Pin=U1-7
Added Net: Name=T_NRST
Added Pin To Net: NetName=T_SWO Pin=R6-2
Added Pin To Net: NetName=T_SWO Pin=U1-55
Added Net: Name=T_SWO
