Removed Pin From Net: NetName=NetC22_1 Pin=WirelessIn-1
Removed Member From Class: ClassName=WCcircuit Member=WirelessIn
Added Component: Designator=*(WirelessIn)
Add component. Clean all parameters for all variants
Added Component: Designator=LCD(LCD TFT Display)
Add component. Clean all parameters for all variants
Added Pin To Net: NetName=NetC22_1 Pin=*-1
Added Pin To Net: NetName=NetC13_1 Pin=*-2
Added Pin To Net: NetName=GND Pin=C11-1
Added Pin To Net: NetName=Net2_1 Pin=C11-2
Added Pin To Net: NetName=NetC13_2 Pin=C16-1
Added Pin To Net: NetName=NetC17_2 Pin=C18-2
Added Pin To Net: NetName=NetC17_2 Pin=C19-2
Added Pin To Net: NetName=NetC13_2 Pin=C21-2
Added Pin To Net: NetName=NetC13_2 Pin=C22-2
Added Pin To Net: NetName=GND Pin=LCD-5
Added Pin To Net: NetName=NetLCD_6 Pin=LCD-6
Added Pin To Net: NetName=NetLCD_6 Pin=LCD-7
Added Pin To Net: NetName=CS LCD Pin=LCD-9
Added Pin To Net: NetName=SCK LCD Pin=LCD-10
Added Pin To Net: NetName=GND Pin=LCD-11
Added Pin To Net: NetName=GND Pin=LCD-12
Added Pin To Net: NetName=GND Pin=LCD-13
Added Pin To Net: NetName=GND Pin=LCD-14
Added Pin To Net: NetName=RESET LCD Pin=LCD-15
Added Pin To Net: NetName=GND Pin=LCD-16
Added Pin To Net: NetName=MISO LCD Pin=LCD-17
Added Pin To Net: NetName=GND Pin=LCD-18
Added Pin To Net: NetName=GND Pin=LCD-19
Added Pin To Net: NetName=GND Pin=LCD-20
Added Pin To Net: NetName=GND Pin=LCD-21
Added Pin To Net: NetName=GND Pin=LCD-22
Added Pin To Net: NetName=GND Pin=LCD-22
Added Pin To Net: NetName=GND Pin=LCD-22
Added Pin To Net: NetName=GND Pin=LCD-23
Added Pin To Net: NetName=GND Pin=LCD-24
Added Pin To Net: NetName=GND Pin=LCD-25
Added Pin To Net: NetName=GND Pin=LCD-26
Added Pin To Net: NetName=GND Pin=LCD-27
Added Pin To Net: NetName=GND Pin=LCD-28
Added Pin To Net: NetName=GND Pin=LCD-29
Added Pin To Net: NetName=GND Pin=LCD-30
Added Pin To Net: NetName=GND Pin=LCD-31
Added Pin To Net: NetName=GND Pin=LCD-32
Added Pin To Net: NetName=GND Pin=LCD-33
Added Pin To Net: NetName=GND Pin=LCD-34
Added Pin To Net: NetName=VCC Pin=LCD-35
Added Pin To Net: NetName=NetLCD_36 Pin=LCD-36
Added Pin To Net: NetName=GND Pin=LCD-37
Added Pin To Net: NetName=GND Pin=LCD-38
Added Pin To Net: NetName=GND Pin=LCD-39
Added Pin To Net: NetName=GND Pin=LCD-40
Change Net Name : Old Net Name=NetC13_1 New Net Name=Net*_2
Change Net Name : Old Net Name=NetC22_1 New Net Name=Net*_1
Change Net Color : Old Net Color=RGB(158, 161, 117) New Net Color=RGB(110, 255, 110)
Added Member To Class: ClassName=WCcircuit Member=Component * WirelessIn
