Removed Pin From Net: NetName=WirComm CE Pin=U1-39
Removed Pin From Net: NetName=WirComm CSN Pin=U1-40
Change Component Description : Designator=L1 Old Description=WE-TPC SMD Shielded Tiny Power Inductor, size 2828, 1.8A, 57mO, 2.2uH New Description=WE-TPC SMD Shielded Tiny Power Inductor, size 2828, 1.8A, 57mO, 2.2uH
Change component parameters: Designator = "L1"; Footprint = "WE-TPC_2828"; UniqueID = "\XLSUPFCG"
Change component parameters. Clean all parameters for all variants
Change component parameters (AddParameter): Name = "ComponentLink1Description"; Value = "Manufacturer"; VariantName = "[No Variations]"
Change component parameters (AddParameter): Name = "ComponentLink1URL"; Value = "http://www.we-online.de"; VariantName = "[No Variations]"
Change component parameters (AddParameter): Name = "ComponentLink2Description"; Value = "Datasheet"; VariantName = "[No Variations]"
Change component parameters (AddParameter): Name = "ComponentLink2URL"; Value = "http://katalog.we-online.de/pbs/datasheet/744025002.pdf"; VariantName = "[No Variations]"
Change component parameters (AddParameter): Name = "DC Resistance"; Value = "57mO"; VariantName = "[No Variations]"
Change component parameters (AddParameter): Name = "Part Number"; Value = "744025002"; VariantName = "[No Variations]"
Change component parameters (AddParameter): Name = "Published Date"; Value = "July 2017"; VariantName = "[No Variations]"
Change component parameters (AddParameter): Name = "Publisher"; Value = "Wurth Elektronik"; VariantName = "[No Variations]"
Change component parameters (AddParameter): Name = "Rated Current"; Value = "1.8A"; VariantName = "[No Variations]"
Change component parameters (AddParameter): Name = "Size"; Value = "2828"; VariantName = "[No Variations]"
Change component parameters (AddParameter): Name = "Value"; Value = "2.2uH"; VariantName = "[No Variations]"
Added Pin To Net: NetName=WirComm CSN Pin=U1-39
Added Pin To Net: NetName=WirComm CE Pin=U1-40
Added Member To Class: ClassName=connectors Member=Component Connector ConnectorWtoB
Added Member To Class: ClassName=ZigBee Member=Component Radio RF2401F20
