Added Pin To Net: NetName=NetC22_1 Pin=Connector1-1
Added Pin To Net: NetName=NetC13_1 Pin=Connector1-2
Added Pin To Net: NetName=NetC13_1 Pin=Connector1-2
Added Pin To Net: NetName=GND Pin=LCD-5
Added Pin To Net: NetName=NetLCD_6 Pin=LCD-6
Added Pin To Net: NetName=NetLCD_6 Pin=LCD-7
Added Pin To Net: NetName=CS LCD Pin=LCD-9
Added Pin To Net: NetName=SCK LCD Pin=LCD-10
Added Pin To Net: NetName=GND Pin=LCD-11
Added Pin To Net: NetName=GND Pin=LCD-12
Added Pin To Net: NetName=GND Pin=LCD-13
Added Pin To Net: NetName=GND Pin=LCD-14
Added Pin To Net: NetName=RESET LCD Pin=LCD-15
Added Pin To Net: NetName=GND Pin=LCD-16
Added Pin To Net: NetName=MISO LCD Pin=LCD-17
Added Pin To Net: NetName=GND Pin=LCD-18
Added Pin To Net: NetName=GND Pin=LCD-19
Added Pin To Net: NetName=GND Pin=LCD-20
Added Pin To Net: NetName=GND Pin=LCD-21
Added Pin To Net: NetName=GND Pin=LCD-22
Added Pin To Net: NetName=GND Pin=LCD-23
Added Pin To Net: NetName=GND Pin=LCD-24
Added Pin To Net: NetName=GND Pin=LCD-25
Added Pin To Net: NetName=GND Pin=LCD-26
Added Pin To Net: NetName=GND Pin=LCD-27
Added Pin To Net: NetName=GND Pin=LCD-28
Added Pin To Net: NetName=GND Pin=LCD-29
Added Pin To Net: NetName=GND Pin=LCD-30
Added Pin To Net: NetName=GND Pin=LCD-31
Added Pin To Net: NetName=GND Pin=LCD-32
Added Pin To Net: NetName=GND Pin=LCD-33
Added Pin To Net: NetName=GND Pin=LCD-34
Added Pin To Net: NetName=VCC Pin=LCD-35
Added Pin To Net: NetName=NetLCD_36 Pin=LCD-36
Added Pin To Net: NetName=GND Pin=LCD-37
Added Pin To Net: NetName=GND Pin=LCD-38
Added Pin To Net: NetName=GND Pin=LCD-39
Added Pin To Net: NetName=GND Pin=LCD-40
Added Pin To Net: NetName=WirComm CE Pin=U1-39
Added Pin To Net: NetName=WirComm CE Pin=ZB1-23
Added Net: Name=WirComm CE
Added Pin To Net: NetName=WirComm CSN Pin=U1-40
Added Pin To Net: NetName=WirComm CSN Pin=ZB1-28
Added Net: Name=WirComm CSN
Added Pin To Net: NetName=WirComm IRQ Pin=U1-38
Added Pin To Net: NetName=WirComm IRQ Pin=ZB1-8
Added Net: Name=WirComm IRQ
Added Pin To Net: NetName=WirComm MISO Pin=U1-52
Added Pin To Net: NetName=WirComm MISO Pin=ZB1-30
Added Net: Name=WirComm MISO
Added Pin To Net: NetName=WirComm MOSI Pin=U1-53
Added Pin To Net: NetName=WirComm MOSI Pin=ZB1-31
Added Net: Name=WirComm MOSI
Added Pin To Net: NetName=WirComm SCK Pin=U1-51
Added Pin To Net: NetName=WirComm SCK Pin=ZB1-29
Added Net: Name=WirComm SCK
