Added Component: Designator=C7(C1206)
Add component. Clean all parameters for all variants
Add component (AddParameter): Name = "LatestRevisionDate"; Value = "29-May-2009"; VariantName = "[No Variations]"
Add component (AddParameter): Name = "LatestRevisionNote"; Value = "IPC-7351 Footprint Added."; VariantName = "[No Variations]"
Add component (AddParameter): Name = "PackageDescription"; Value = "Chip Capacitor"; VariantName = "[No Variations]"
Add component (AddParameter): Name = "PackageReference"; Value = "C1206"; VariantName = "[No Variations]"
Add component (AddParameter): Name = "Published"; Value = "8-Jun-2000"; VariantName = "[No Variations]"
Add component (AddParameter): Name = "Publisher"; Value = "Altium Limited"; VariantName = "[No Variations]"
Add component (AddParameter): Name = "Value"; Value = "100pF"; VariantName = "[No Variations]"
Added Component: Designator=C8(C1206)
Add component. Clean all parameters for all variants
Add component (AddParameter): Name = "LatestRevisionDate"; Value = "29-May-2009"; VariantName = "[No Variations]"
Add component (AddParameter): Name = "LatestRevisionNote"; Value = "IPC-7351 Footprint Added."; VariantName = "[No Variations]"
Add component (AddParameter): Name = "PackageDescription"; Value = "Chip Capacitor"; VariantName = "[No Variations]"
Add component (AddParameter): Name = "PackageReference"; Value = "C1206"; VariantName = "[No Variations]"
Add component (AddParameter): Name = "Published"; Value = "8-Jun-2000"; VariantName = "[No Variations]"
Add component (AddParameter): Name = "Publisher"; Value = "Altium Limited"; VariantName = "[No Variations]"
Add component (AddParameter): Name = "Value"; Value = "100pF"; VariantName = "[No Variations]"
Added Pin To Net: NetName=GND Pin=C7-1
Added Pin To Net: NetName=VCC Pin=C7-2
Added Pin To Net: NetName=GND Pin=C8-1
Added Pin To Net: NetName=VCC Pin=C8-2
Added Member To Class: ClassName=STM32 Member=Component C7 Cap Semi
Added Member To Class: ClassName=STM32 Member=Component C8 Cap Semi
Added Room: Name=connectors
Added Room: Name=Magnetometer
Added Room: Name=STM32
Added Room: Name=TFT LCD ER-TFT018-2
Added Room: Name=TPS6120x
Added Room: Name=WCcircuit
Added Room: Name=ZigBee
