Change Component Designator: Old Designator=3 New Designator=2
Change Component Designator: Old Designator=C44 New Designator=C11
Change Component Designator: Old Designator=C45 New Designator=C12
Change Component Designator: Old Designator=C46 New Designator=C13
Change Component Designator: Old Designator=C47 New Designator=C14
Change Component Designator: Old Designator=C48 New Designator=C15
Change Component Designator: Old Designator=C49 New Designator=C16
Change Component Designator: Old Designator=C50 New Designator=C17
Change Component Designator: Old Designator=C51 New Designator=C18
Change Component Designator: Old Designator=C52 New Designator=C19
Change Component Designator: Old Designator=C53 New Designator=C20
Change Component Designator: Old Designator=C54 New Designator=C21
Change Component Designator: Old Designator=C55 New Designator=C22
Change Component Designator: Old Designator=C56 New Designator=C23
Change Component Designator: Old Designator=C57 New Designator=C24
Change Component Designator: Old Designator=C58 New Designator=C25
Change Component Designator: Old Designator=C59 New Designator=C26
Change Component Designator: Old Designator=Connector New Designator=Connector1
Change Component Designator: Old Designator=Diode New Designator=Diode1
Change Component Designator: Old Designator=MOSFET New Designator=MOSFET1
Change Component Designator: Old Designator=P4 New Designator=P3
Change Component Designator: Old Designator=R31 New Designator=R12
Change Component Designator: Old Designator=R32 New Designator=R13
Change Component Designator: Old Designator=R33 New Designator=R14
Change Component Designator: Old Designator=R34 New Designator=R15
Change Component Designator: Old Designator=R35 New Designator=R16
Change Component Designator: Old Designator=R36 New Designator=R17
Change Component Designator: Old Designator=R37 New Designator=R18
Change Component Designator: Old Designator=R38 New Designator=R19
Change Component Designator: Old Designator=R39 New Designator=R20
Change Component Designator: Old Designator=WPIC New Designator=WPIC1
