Replace Part * WirelessIn in C:\Users\phiwersports\Documents\GitHub\HGCD\Prototype_two\Altium_files\WCcircuit.SchDoc with WirelessIn from HGCDLibrary.IntLib
Replace Part 2 MCP73837T-FCI/MF in C:\Users\phiwersports\Documents\GitHub\HGCD\Prototype_two\Altium_files\WCcircuit.SchDoc with MCP73837T-FCI/MF from HGCDLibrary.IntLib
Replace Part C11 Cap Semi in C:\Users\phiwersports\Documents\GitHub\HGCD\Prototype_two\Altium_files\WCcircuit.SchDoc with Cap Semi from Miscellaneous Devices.IntLib
Replace Part C12 Cap Semi in C:\Users\phiwersports\Documents\GitHub\HGCD\Prototype_two\Altium_files\WCcircuit.SchDoc with Cap Semi from Miscellaneous Devices.IntLib
Replace Part C13 Cap Semi in C:\Users\phiwersports\Documents\GitHub\HGCD\Prototype_two\Altium_files\WCcircuit.SchDoc with Cap Semi from Miscellaneous Devices.IntLib
Replace Part C14 Cap Semi in C:\Users\phiwersports\Documents\GitHub\HGCD\Prototype_two\Altium_files\WCcircuit.SchDoc with Cap Semi from Miscellaneous Devices.IntLib
Replace Part C15 Cap Semi in C:\Users\phiwersports\Documents\GitHub\HGCD\Prototype_two\Altium_files\WCcircuit.SchDoc with Cap Semi from Miscellaneous Devices.IntLib
Replace Part C16 Cap Semi in C:\Users\phiwersports\Documents\GitHub\HGCD\Prototype_two\Altium_files\WCcircuit.SchDoc with Cap Semi from Miscellaneous Devices.IntLib
Replace Part C17 Cap Semi in C:\Users\phiwersports\Documents\GitHub\HGCD\Prototype_two\Altium_files\WCcircuit.SchDoc with Cap Semi from Miscellaneous Devices.IntLib
Replace Part C18 Cap Semi in C:\Users\phiwersports\Documents\GitHub\HGCD\Prototype_two\Altium_files\WCcircuit.SchDoc with Cap Semi from Miscellaneous Devices.IntLib
Replace Part C19 Cap Semi in C:\Users\phiwersports\Documents\GitHub\HGCD\Prototype_two\Altium_files\WCcircuit.SchDoc with Cap Semi from Miscellaneous Devices.IntLib
Replace Part C20 Cap Semi in C:\Users\phiwersports\Documents\GitHub\HGCD\Prototype_two\Altium_files\WCcircuit.SchDoc with Cap Semi from Miscellaneous Devices.IntLib
Replace Part C21 Cap Semi in C:\Users\phiwersports\Documents\GitHub\HGCD\Prototype_two\Altium_files\WCcircuit.SchDoc with Cap Semi from Miscellaneous Devices.IntLib
Replace Part C22 Cap Semi in C:\Users\phiwersports\Documents\GitHub\HGCD\Prototype_two\Altium_files\WCcircuit.SchDoc with Cap Semi from Miscellaneous Devices.IntLib
Replace Part C23 Cap Semi in C:\Users\phiwersports\Documents\GitHub\HGCD\Prototype_two\Altium_files\WCcircuit.SchDoc with Cap Semi from Miscellaneous Devices.IntLib
Replace Part C24 Cap Semi in C:\Users\phiwersports\Documents\GitHub\HGCD\Prototype_two\Altium_files\WCcircuit.SchDoc with Cap Semi from Miscellaneous Devices.IntLib
Replace Part C25 Cap Semi in C:\Users\phiwersports\Documents\GitHub\HGCD\Prototype_two\Altium_files\WCcircuit.SchDoc with Cap Semi from Miscellaneous Devices.IntLib
Replace Part C26 Cap Semi in C:\Users\phiwersports\Documents\GitHub\HGCD\Prototype_two\Altium_files\WCcircuit.SchDoc with Cap Semi from Miscellaneous Devices.IntLib
Replace Part D2 Diode in C:\Users\phiwersports\Documents\GitHub\HGCD\Prototype_two\Altium_files\WCcircuit.SchDoc with Diode from Miscellaneous Devices.IntLib
Replace Part D3 Diode in C:\Users\phiwersports\Documents\GitHub\HGCD\Prototype_two\Altium_files\WCcircuit.SchDoc with Diode from Miscellaneous Devices.IntLib
Replace Part Diode1 Diod MBR0520L-TP in C:\Users\phiwersports\Documents\GitHub\HGCD\Prototype_two\Altium_files\WCcircuit.SchDoc with Diod MBR0520L-TP from HGCDLibrary.IntLib
Replace Part MOSFET1 fds9431a in C:\Users\phiwersports\Documents\GitHub\HGCD\Prototype_two\Altium_files\WCcircuit.SchDoc with fds9431a from HGCDLibrary.IntLib
Replace Part P3 S2B-PH-K-S(LF)(SN) in C:\Users\phiwersports\Documents\GitHub\HGCD\Prototype_two\Altium_files\WCcircuit.SchDoc with S2B-PH-K-S(LF)(SN) from HGCDLibrary.IntLib
Replace Part R12 Res3 in C:\Users\phiwersports\Documents\GitHub\HGCD\Prototype_two\Altium_files\WCcircuit.SchDoc with Res3 from Miscellaneous Devices.IntLib
Replace Part R13 Res3 in C:\Users\phiwersports\Documents\GitHub\HGCD\Prototype_two\Altium_files\WCcircuit.SchDoc with Res3 from Miscellaneous Devices.IntLib
Replace Part R14 Res3 in C:\Users\phiwersports\Documents\GitHub\HGCD\Prototype_two\Altium_files\WCcircuit.SchDoc with Res3 from Miscellaneous Devices.IntLib
Replace Part R15 Res3 in C:\Users\phiwersports\Documents\GitHub\HGCD\Prototype_two\Altium_files\WCcircuit.SchDoc with Res3 from Miscellaneous Devices.IntLib
Replace Part R16 Res3 in C:\Users\phiwersports\Documents\GitHub\HGCD\Prototype_two\Altium_files\WCcircuit.SchDoc with Res3 from Miscellaneous Devices.IntLib
Replace Part R17 Res3 in C:\Users\phiwersports\Documents\GitHub\HGCD\Prototype_two\Altium_files\WCcircuit.SchDoc with Res3 from Miscellaneous Devices.IntLib
Replace Part R18 Res3 in C:\Users\phiwersports\Documents\GitHub\HGCD\Prototype_two\Altium_files\WCcircuit.SchDoc with Res3 from Miscellaneous Devices.IntLib
Replace Part R19 Res3 in C:\Users\phiwersports\Documents\GitHub\HGCD\Prototype_two\Altium_files\WCcircuit.SchDoc with Res3 from Miscellaneous Devices.IntLib
Replace Part R20 Res3 in C:\Users\phiwersports\Documents\GitHub\HGCD\Prototype_two\Altium_files\WCcircuit.SchDoc with Res3 from Miscellaneous Devices.IntLib
Replace Part WPIC1 bq51013B in C:\Users\phiwersports\Documents\GitHub\HGCD\Prototype_two\Altium_files\WCcircuit.SchDoc with bq51013B from HGCDLibrary.IntLib
